0 info it worked if it ends with ok
1 verbose cli [ 'C:\\Program Files\\nodejs\\node.exe',
1 verbose cli   'C:\\Program Files\\nodejs\\node_modules\\npm\\bin\\npm-cli.js',
1 verbose cli   'run',
1 verbose cli   'build' ]
2 info using npm@3.10.10
3 info using node@v6.11.3
4 verbose run-script [ 'prebuild', 'build', 'postbuild' ]
5 info lifecycle reacthomework@0.1.0~prebuild: reacthomework@0.1.0
6 silly lifecycle reacthomework@0.1.0~prebuild: no script for prebuild, continuing
7 info lifecycle reacthomework@0.1.0~build: reacthomework@0.1.0
8 verbose lifecycle reacthomework@0.1.0~build: unsafe-perm in lifecycle true
9 verbose lifecycle reacthomework@0.1.0~build: PATH: C:\Program Files\nodejs\node_modules\npm\bin\node-gyp-bin;C:\Users\rebec\OneDrive\Documents\UNH Coding Bootcamp\Homework\reacthomework\ReactHomework\node_modules\.bin;C:\Users\rebec\bin;C:\Program Files (x86)\Git\mingw32\bin;C:\Program Files (x86)\Git\usr\local\bin;C:\Program Files (x86)\Git\usr\bin;C:\Program Files (x86)\Git\usr\bin;C:\Program Files (x86)\Git\mingw32\bin;C:\Program Files (x86)\Git\usr\bin;C:\Users\rebec\bin;C:\Program Files (x86)\Intel\iCLS Client;C:\Program Files\Intel\iCLS Client;C:\Windows\system32;C:\Windows;C:\Windows\System32\Wbem;C:\Windows\System32\WindowsPowerShell\v1.0;C:\Program Files (x86)\Intel\Intel(R) Management Engine Components\DAL;C:\Program Files\Intel\Intel(R) Management Engine Components\DAL;C:\Program Files (x86)\Intel\Intel(R) Management Engine Components\IPT;C:\Program Files\Intel\Intel(R) Management Engine Components\IPT;C:\Program Files (x86)\NVIDIA Corporation\PhysX\Common;C:\Program Files (x86)\Skype\Phone;C:\WINDOWS\system32;C:\WINDOWS;C:\WINDOWS\System32\Wbem;C:\WINDOWS\System32\WindowsPowerShell\v1.0;C:\HashiCorp\Vagrant\bin;C:\Program Files\nodejs;C:\Program Files (x86)\Yarn\bin;C:\Program Files\PuTTY;C:\Program Files (x86)\Git\cmd;C:\Program Files\MongoDB\Server\3.6\bin;C:\Users\rebec\AppData\Local\Microsoft\WindowsApps;C:\Users\rebec\AppData\Local\GitHubDesktop\bin;C:\Users\rebec\AppData\Roaming\npm;C:\Users\rebec\AppData\Local\Yarn\bin;C:\Users\rebec\AppData\Local\atom\bin;C:\Users\rebec\AppData\Local\Microsoft\WindowsApps;C:\Program Files\Heroku\bin;C:\Program Files (x86)\Git\usr\bin\vendor_perl;C:\Program Files (x86)\Git\usr\bin\core_perl
10 verbose lifecycle reacthomework@0.1.0~build: CWD: C:\Users\rebec\OneDrive\Documents\UNH Coding Bootcamp\Homework\reacthomework\ReactHomework
11 silly lifecycle reacthomework@0.1.0~build: Args: [ '/d /s /c', 'react-scripts build' ]
12 silly lifecycle reacthomework@0.1.0~build: Returned: code: 1  signal: null
13 info lifecycle reacthomework@0.1.0~build: Failed to exec build script
14 verbose stack Error: reacthomework@0.1.0 build: `react-scripts build`
14 verbose stack Exit status 1
14 verbose stack     at EventEmitter.<anonymous> (C:\Program Files\nodejs\node_modules\npm\lib\utils\lifecycle.js:255:16)
14 verbose stack     at emitTwo (events.js:106:13)
14 verbose stack     at EventEmitter.emit (events.js:191:7)
14 verbose stack     at ChildProcess.<anonymous> (C:\Program Files\nodejs\node_modules\npm\lib\utils\spawn.js:40:14)
14 verbose stack     at emitTwo (events.js:106:13)
14 verbose stack     at ChildProcess.emit (events.js:191:7)
14 verbose stack     at maybeClose (internal/child_process.js:920:16)
14 verbose stack     at Process.ChildProcess._handle.onexit (internal/child_process.js:230:5)
15 verbose pkgid reacthomework@0.1.0
16 verbose cwd C:\Users\rebec\OneDrive\Documents\UNH Coding Bootcamp\Homework\reacthomework\ReactHomework
17 error Windows_NT 10.0.16299
18 error argv "C:\\Program Files\\nodejs\\node.exe" "C:\\Program Files\\nodejs\\node_modules\\npm\\bin\\npm-cli.js" "run" "build"
19 error node v6.11.3
20 error npm  v3.10.10
21 error code ELIFECYCLE
22 error reacthomework@0.1.0 build: `react-scripts build`
22 error Exit status 1
23 error Failed at the reacthomework@0.1.0 build script 'react-scripts build'.
23 error Make sure you have the latest version of node.js and npm installed.
23 error If you do, this is most likely a problem with the reacthomework package,
23 error not with npm itself.
23 error Tell the author that this fails on your system:
23 error     react-scripts build
23 error You can get information on how to open an issue for this project with:
23 error     npm bugs reacthomework
23 error Or if that isn't available, you can get their info via:
23 error     npm owner ls reacthomework
23 error There is likely additional logging output above.
24 verbose exit [ 1, true ]
